{"total": {"lines":{"total":517,"covered":473,"skipped":0,"pct":91.48},"statements":{"total":562,"covered":509,"skipped":0,"pct":90.56},"functions":{"total":175,"covered":153,"skipped":0,"pct":87.42},"branches":{"total":250,"covered":205,"skipped":0,"pct":82},"branchesTrue":{"total":0,"covered":0,"skipped":0,"pct":100}}
,"/home/runner/work/clickhouse-js/clickhouse-js/src/client.ts": {"lines":{"total":60,"covered":58,"skipped":0,"pct":96.66},"functions":{"total":18,"covered":18,"skipped":0,"pct":100},"statements":{"total":61,"covered":59,"skipped":0,"pct":96.72},"branches":{"total":88,"covered":82,"skipped":0,"pct":93.18}}
,"/home/runner/work/clickhouse-js/clickhouse-js/src/index.ts": {"lines":{"total":5,"covered":5,"skipped":0,"pct":100},"functions":{"total":3,"covered":3,"skipped":0,"pct":100},"statements":{"total":7,"covered":7,"skipped":0,"pct":100},"branches":{"total":0,"covered":0,"skipped":0,"pct":100}}
,"/home/runner/work/clickhouse-js/clickhouse-js/src/logger.ts": {"lines":{"total":9,"covered":1,"skipped":0,"pct":11.11},"functions":{"total":5,"covered":1,"skipped":0,"pct":20},"statements":{"total":13,"covered":1,"skipped":0,"pct":7.69},"branches":{"total":5,"covered":0,"skipped":0,"pct":0}}
,"/home/runner/work/clickhouse-js/clickhouse-js/src/result.ts": {"lines":{"total":33,"covered":33,"skipped":0,"pct":100},"functions":{"total":8,"covered":8,"skipped":0,"pct":100},"statements":{"total":33,"covered":33,"skipped":0,"pct":100},"branches":{"total":7,"covered":7,"skipped":0,"pct":100}}
,"/home/runner/work/clickhouse-js/clickhouse-js/src/settings.ts": {"lines":{"total":4,"covered":4,"skipped":0,"pct":100},"functions":{"total":4,"covered":4,"skipped":0,"pct":100},"statements":{"total":4,"covered":4,"skipped":0,"pct":100},"branches":{"total":0,"covered":0,"skipped":0,"pct":100}}
,"/home/runner/work/clickhouse-js/clickhouse-js/src/connection/connection.ts": {"lines":{"total":6,"covered":6,"skipped":0,"pct":100},"functions":{"total":1,"covered":1,"skipped":0,"pct":100},"statements":{"total":6,"covered":6,"skipped":0,"pct":100},"branches":{"total":3,"covered":3,"skipped":0,"pct":100}}
,"/home/runner/work/clickhouse-js/clickhouse-js/src/connection/index.ts": {"lines":{"total":1,"covered":1,"skipped":0,"pct":100},"functions":{"total":0,"covered":0,"skipped":0,"pct":100},"statements":{"total":1,"covered":1,"skipped":0,"pct":100},"branches":{"total":0,"covered":0,"skipped":0,"pct":100}}
,"/home/runner/work/clickhouse-js/clickhouse-js/src/connection/adapter/base_http_adapter.ts": {"lines":{"total":84,"covered":83,"skipped":0,"pct":98.8},"functions":{"total":27,"covered":26,"skipped":0,"pct":96.29},"statements":{"total":85,"covered":84,"skipped":0,"pct":98.82},"branches":{"total":31,"covered":30,"skipped":0,"pct":96.77}}
,"/home/runner/work/clickhouse-js/clickhouse-js/src/connection/adapter/http_adapter.ts": {"lines":{"total":6,"covered":6,"skipped":0,"pct":100},"functions":{"total":2,"covered":2,"skipped":0,"pct":100},"statements":{"total":6,"covered":6,"skipped":0,"pct":100},"branches":{"total":0,"covered":0,"skipped":0,"pct":100}}
,"/home/runner/work/clickhouse-js/clickhouse-js/src/connection/adapter/http_search_params.ts": {"lines":{"total":17,"covered":17,"skipped":0,"pct":100},"functions":{"total":1,"covered":1,"skipped":0,"pct":100},"statements":{"total":17,"covered":17,"skipped":0,"pct":100},"branches":{"total":10,"covered":10,"skipped":0,"pct":100}}
,"/home/runner/work/clickhouse-js/clickhouse-js/src/connection/adapter/https_adapter.ts": {"lines":{"total":6,"covered":5,"skipped":0,"pct":83.33},"functions":{"total":2,"covered":1,"skipped":0,"pct":50},"statements":{"total":6,"covered":5,"skipped":0,"pct":83.33},"branches":{"total":0,"covered":0,"skipped":0,"pct":100}}
,"/home/runner/work/clickhouse-js/clickhouse-js/src/connection/adapter/index.ts": {"lines":{"total":2,"covered":2,"skipped":0,"pct":100},"functions":{"total":2,"covered":2,"skipped":0,"pct":100},"statements":{"total":4,"covered":4,"skipped":0,"pct":100},"branches":{"total":0,"covered":0,"skipped":0,"pct":100}}
,"/home/runner/work/clickhouse-js/clickhouse-js/src/connection/adapter/transform_url.ts": {"lines":{"total":7,"covered":7,"skipped":0,"pct":100},"functions":{"total":1,"covered":1,"skipped":0,"pct":100},"statements":{"total":7,"covered":7,"skipped":0,"pct":100},"branches":{"total":6,"covered":5,"skipped":0,"pct":83.33}}
,"/home/runner/work/clickhouse-js/clickhouse-js/src/data_formatter/format_query_params.ts": {"lines":{"total":35,"covered":35,"skipped":0,"pct":100},"functions":{"total":4,"covered":4,"skipped":0,"pct":100},"statements":{"total":43,"covered":43,"skipped":0,"pct":100},"branches":{"total":19,"covered":19,"skipped":0,"pct":100}}
,"/home/runner/work/clickhouse-js/clickhouse-js/src/data_formatter/format_query_settings.ts": {"lines":{"total":8,"covered":8,"skipped":0,"pct":100},"functions":{"total":1,"covered":1,"skipped":0,"pct":100},"statements":{"total":11,"covered":11,"skipped":0,"pct":100},"branches":{"total":6,"covered":6,"skipped":0,"pct":100}}
,"/home/runner/work/clickhouse-js/clickhouse-js/src/data_formatter/formatter.ts": {"lines":{"total":24,"covered":20,"skipped":0,"pct":83.33},"functions":{"total":6,"covered":6,"skipped":0,"pct":100},"statements":{"total":24,"covered":20,"skipped":0,"pct":83.33},"branches":{"total":5,"covered":4,"skipped":0,"pct":80}}
,"/home/runner/work/clickhouse-js/clickhouse-js/src/data_formatter/index.ts": {"lines":{"total":3,"covered":3,"skipped":0,"pct":100},"functions":{"total":2,"covered":2,"skipped":0,"pct":100},"statements":{"total":5,"covered":5,"skipped":0,"pct":100},"branches":{"total":0,"covered":0,"skipped":0,"pct":100}}
,"/home/runner/work/clickhouse-js/clickhouse-js/src/error/index.ts": {"lines":{"total":1,"covered":1,"skipped":0,"pct":100},"functions":{"total":0,"covered":0,"skipped":0,"pct":100},"statements":{"total":1,"covered":1,"skipped":0,"pct":100},"branches":{"total":0,"covered":0,"skipped":0,"pct":100}}
,"/home/runner/work/clickhouse-js/clickhouse-js/src/error/parse_error.ts": {"lines":{"total":14,"covered":13,"skipped":0,"pct":92.85},"functions":{"total":2,"covered":2,"skipped":0,"pct":100},"statements":{"total":14,"covered":13,"skipped":0,"pct":92.85},"branches":{"total":6,"covered":4,"skipped":0,"pct":66.66}}
,"/home/runner/work/clickhouse-js/clickhouse-js/src/schema/engines.ts": {"lines":{"total":20,"covered":9,"skipped":0,"pct":45},"functions":{"total":16,"covered":2,"skipped":0,"pct":12.5},"statements":{"total":34,"covered":18,"skipped":0,"pct":52.94},"branches":{"total":6,"covered":0,"skipped":0,"pct":0}}
,"/home/runner/work/clickhouse-js/clickhouse-js/src/schema/index.ts": {"lines":{"total":7,"covered":7,"skipped":0,"pct":100},"functions":{"total":0,"covered":0,"skipped":0,"pct":100},"statements":{"total":7,"covered":7,"skipped":0,"pct":100},"branches":{"total":0,"covered":0,"skipped":0,"pct":100}}
,"/home/runner/work/clickhouse-js/clickhouse-js/src/schema/query_formatter.ts": {"lines":{"total":21,"covered":21,"skipped":0,"pct":100},"functions":{"total":5,"covered":5,"skipped":0,"pct":100},"statements":{"total":21,"covered":21,"skipped":0,"pct":100},"branches":{"total":24,"covered":22,"skipped":0,"pct":91.66}}
,"/home/runner/work/clickhouse-js/clickhouse-js/src/schema/schema.ts": {"lines":{"total":3,"covered":3,"skipped":0,"pct":100},"functions":{"total":3,"covered":3,"skipped":0,"pct":100},"statements":{"total":3,"covered":3,"skipped":0,"pct":100},"branches":{"total":4,"covered":3,"skipped":0,"pct":75}}
,"/home/runner/work/clickhouse-js/clickhouse-js/src/schema/stream.ts": {"lines":{"total":5,"covered":5,"skipped":0,"pct":100},"functions":{"total":4,"covered":4,"skipped":0,"pct":100},"statements":{"total":5,"covered":5,"skipped":0,"pct":100},"branches":{"total":0,"covered":0,"skipped":0,"pct":100}}
,"/home/runner/work/clickhouse-js/clickhouse-js/src/schema/table.ts": {"lines":{"total":19,"covered":18,"skipped":0,"pct":94.73},"functions":{"total":6,"covered":6,"skipped":0,"pct":100},"statements":{"total":19,"covered":18,"skipped":0,"pct":94.73},"branches":{"total":3,"covered":2,"skipped":0,"pct":66.66}}
,"/home/runner/work/clickhouse-js/clickhouse-js/src/schema/types.ts": {"lines":{"total":84,"covered":70,"skipped":0,"pct":83.33},"functions":{"total":40,"covered":38,"skipped":0,"pct":95},"statements":{"total":92,"covered":78,"skipped":0,"pct":84.78},"branches":{"total":20,"covered":2,"skipped":0,"pct":10}}
,"/home/runner/work/clickhouse-js/clickhouse-js/src/schema/where.ts": {"lines":{"total":16,"covered":15,"skipped":0,"pct":93.75},"functions":{"total":7,"covered":7,"skipped":0,"pct":100},"statements":{"total":16,"covered":15,"skipped":0,"pct":93.75},"branches":{"total":5,"covered":4,"skipped":0,"pct":80}}
,"/home/runner/work/clickhouse-js/clickhouse-js/src/utils/index.ts": {"lines":{"total":2,"covered":2,"skipped":0,"pct":100},"functions":{"total":0,"covered":0,"skipped":0,"pct":100},"statements":{"total":2,"covered":2,"skipped":0,"pct":100},"branches":{"total":0,"covered":0,"skipped":0,"pct":100}}
,"/home/runner/work/clickhouse-js/clickhouse-js/src/utils/stream.ts": {"lines":{"total":13,"covered":13,"skipped":0,"pct":100},"functions":{"total":4,"covered":4,"skipped":0,"pct":100},"statements":{"total":13,"covered":13,"skipped":0,"pct":100},"branches":{"total":2,"covered":2,"skipped":0,"pct":100}}
,"/home/runner/work/clickhouse-js/clickhouse-js/src/utils/string.ts": {"lines":{"total":2,"covered":2,"skipped":0,"pct":100},"functions":{"total":1,"covered":1,"skipped":0,"pct":100},"statements":{"total":2,"covered":2,"skipped":0,"pct":100},"branches":{"total":0,"covered":0,"skipped":0,"pct":100}}
}
