{"total": {"lines":{"total":633,"covered":586,"skipped":0,"pct":92.57},"statements":{"total":675,"covered":623,"skipped":0,"pct":92.29},"functions":{"total":190,"covered":168,"skipped":0,"pct":88.42},"branches":{"total":334,"covered":294,"skipped":0,"pct":88.02},"branchesTrue":{"total":0,"covered":0,"skipped":0,"pct":100}}
,"/home/runner/work/clickhouse-js/clickhouse-js/src/client.ts": {"lines":{"total":76,"covered":74,"skipped":0,"pct":97.36},"functions":{"total":19,"covered":19,"skipped":0,"pct":100},"statements":{"total":78,"covered":76,"skipped":0,"pct":97.43},"branches":{"total":107,"covered":104,"skipped":0,"pct":97.19}}
,"/home/runner/work/clickhouse-js/clickhouse-js/src/index.ts": {"lines":{"total":5,"covered":5,"skipped":0,"pct":100},"functions":{"total":3,"covered":3,"skipped":0,"pct":100},"statements":{"total":7,"covered":7,"skipped":0,"pct":100},"branches":{"total":0,"covered":0,"skipped":0,"pct":100}}
,"/home/runner/work/clickhouse-js/clickhouse-js/src/logger.ts": {"lines":{"total":46,"covered":38,"skipped":0,"pct":82.6},"functions":{"total":14,"covered":8,"skipped":0,"pct":57.14},"statements":{"total":46,"covered":38,"skipped":0,"pct":82.6},"branches":{"total":14,"covered":14,"skipped":0,"pct":100}}
,"/home/runner/work/clickhouse-js/clickhouse-js/src/result.ts": {"lines":{"total":33,"covered":33,"skipped":0,"pct":100},"functions":{"total":8,"covered":8,"skipped":0,"pct":100},"statements":{"total":33,"covered":33,"skipped":0,"pct":100},"branches":{"total":7,"covered":7,"skipped":0,"pct":100}}
,"/home/runner/work/clickhouse-js/clickhouse-js/src/settings.ts": {"lines":{"total":4,"covered":4,"skipped":0,"pct":100},"functions":{"total":4,"covered":4,"skipped":0,"pct":100},"statements":{"total":4,"covered":4,"skipped":0,"pct":100},"branches":{"total":0,"covered":0,"skipped":0,"pct":100}}
,"/home/runner/work/clickhouse-js/clickhouse-js/src/version.ts": {"lines":{"total":1,"covered":1,"skipped":0,"pct":100},"functions":{"total":0,"covered":0,"skipped":0,"pct":100},"statements":{"total":1,"covered":1,"skipped":0,"pct":100},"branches":{"total":0,"covered":0,"skipped":0,"pct":100}}
,"/home/runner/work/clickhouse-js/clickhouse-js/src/connection/connection.ts": {"lines":{"total":6,"covered":6,"skipped":0,"pct":100},"functions":{"total":1,"covered":1,"skipped":0,"pct":100},"statements":{"total":6,"covered":6,"skipped":0,"pct":100},"branches":{"total":3,"covered":3,"skipped":0,"pct":100}}
,"/home/runner/work/clickhouse-js/clickhouse-js/src/connection/index.ts": {"lines":{"total":1,"covered":1,"skipped":0,"pct":100},"functions":{"total":0,"covered":0,"skipped":0,"pct":100},"statements":{"total":1,"covered":1,"skipped":0,"pct":100},"branches":{"total":0,"covered":0,"skipped":0,"pct":100}}
,"/home/runner/work/clickhouse-js/clickhouse-js/src/connection/adapter/base_http_adapter.ts": {"lines":{"total":126,"covered":122,"skipped":0,"pct":96.82},"functions":{"total":28,"covered":28,"skipped":0,"pct":100},"statements":{"total":127,"covered":123,"skipped":0,"pct":96.85},"branches":{"total":47,"covered":45,"skipped":0,"pct":95.74}}
,"/home/runner/work/clickhouse-js/clickhouse-js/src/connection/adapter/http_adapter.ts": {"lines":{"total":6,"covered":6,"skipped":0,"pct":100},"functions":{"total":2,"covered":2,"skipped":0,"pct":100},"statements":{"total":6,"covered":6,"skipped":0,"pct":100},"branches":{"total":0,"covered":0,"skipped":0,"pct":100}}
,"/home/runner/work/clickhouse-js/clickhouse-js/src/connection/adapter/http_search_params.ts": {"lines":{"total":21,"covered":21,"skipped":0,"pct":100},"functions":{"total":1,"covered":1,"skipped":0,"pct":100},"statements":{"total":21,"covered":21,"skipped":0,"pct":100},"branches":{"total":12,"covered":12,"skipped":0,"pct":100}}
,"/home/runner/work/clickhouse-js/clickhouse-js/src/connection/adapter/https_adapter.ts": {"lines":{"total":11,"covered":11,"skipped":0,"pct":100},"functions":{"total":3,"covered":3,"skipped":0,"pct":100},"statements":{"total":11,"covered":11,"skipped":0,"pct":100},"branches":{"total":26,"covered":26,"skipped":0,"pct":100}}
,"/home/runner/work/clickhouse-js/clickhouse-js/src/connection/adapter/index.ts": {"lines":{"total":2,"covered":2,"skipped":0,"pct":100},"functions":{"total":2,"covered":2,"skipped":0,"pct":100},"statements":{"total":4,"covered":4,"skipped":0,"pct":100},"branches":{"total":0,"covered":0,"skipped":0,"pct":100}}
,"/home/runner/work/clickhouse-js/clickhouse-js/src/connection/adapter/transform_url.ts": {"lines":{"total":7,"covered":7,"skipped":0,"pct":100},"functions":{"total":1,"covered":1,"skipped":0,"pct":100},"statements":{"total":7,"covered":7,"skipped":0,"pct":100},"branches":{"total":6,"covered":5,"skipped":0,"pct":83.33}}
,"/home/runner/work/clickhouse-js/clickhouse-js/src/data_formatter/format_query_params.ts": {"lines":{"total":35,"covered":34,"skipped":0,"pct":97.14},"functions":{"total":4,"covered":4,"skipped":0,"pct":100},"statements":{"total":43,"covered":42,"skipped":0,"pct":97.67},"branches":{"total":21,"covered":21,"skipped":0,"pct":100}}
,"/home/runner/work/clickhouse-js/clickhouse-js/src/data_formatter/format_query_settings.ts": {"lines":{"total":8,"covered":8,"skipped":0,"pct":100},"functions":{"total":1,"covered":1,"skipped":0,"pct":100},"statements":{"total":11,"covered":11,"skipped":0,"pct":100},"branches":{"total":6,"covered":6,"skipped":0,"pct":100}}
,"/home/runner/work/clickhouse-js/clickhouse-js/src/data_formatter/formatter.ts": {"lines":{"total":26,"covered":22,"skipped":0,"pct":84.61},"functions":{"total":7,"covered":7,"skipped":0,"pct":100},"statements":{"total":26,"covered":22,"skipped":0,"pct":84.61},"branches":{"total":5,"covered":4,"skipped":0,"pct":80}}
,"/home/runner/work/clickhouse-js/clickhouse-js/src/data_formatter/index.ts": {"lines":{"total":3,"covered":3,"skipped":0,"pct":100},"functions":{"total":2,"covered":2,"skipped":0,"pct":100},"statements":{"total":5,"covered":5,"skipped":0,"pct":100},"branches":{"total":0,"covered":0,"skipped":0,"pct":100}}
,"/home/runner/work/clickhouse-js/clickhouse-js/src/error/index.ts": {"lines":{"total":1,"covered":1,"skipped":0,"pct":100},"functions":{"total":0,"covered":0,"skipped":0,"pct":100},"statements":{"total":1,"covered":1,"skipped":0,"pct":100},"branches":{"total":0,"covered":0,"skipped":0,"pct":100}}
,"/home/runner/work/clickhouse-js/clickhouse-js/src/error/parse_error.ts": {"lines":{"total":14,"covered":13,"skipped":0,"pct":92.85},"functions":{"total":2,"covered":2,"skipped":0,"pct":100},"statements":{"total":14,"covered":13,"skipped":0,"pct":92.85},"branches":{"total":6,"covered":4,"skipped":0,"pct":66.66}}
,"/home/runner/work/clickhouse-js/clickhouse-js/src/schema/engines.ts": {"lines":{"total":20,"covered":9,"skipped":0,"pct":45},"functions":{"total":16,"covered":2,"skipped":0,"pct":12.5},"statements":{"total":34,"covered":18,"skipped":0,"pct":52.94},"branches":{"total":6,"covered":0,"skipped":0,"pct":0}}
,"/home/runner/work/clickhouse-js/clickhouse-js/src/schema/index.ts": {"lines":{"total":7,"covered":7,"skipped":0,"pct":100},"functions":{"total":0,"covered":0,"skipped":0,"pct":100},"statements":{"total":7,"covered":7,"skipped":0,"pct":100},"branches":{"total":0,"covered":0,"skipped":0,"pct":100}}
,"/home/runner/work/clickhouse-js/clickhouse-js/src/schema/query_formatter.ts": {"lines":{"total":21,"covered":21,"skipped":0,"pct":100},"functions":{"total":5,"covered":5,"skipped":0,"pct":100},"statements":{"total":21,"covered":21,"skipped":0,"pct":100},"branches":{"total":24,"covered":22,"skipped":0,"pct":91.66}}
,"/home/runner/work/clickhouse-js/clickhouse-js/src/schema/schema.ts": {"lines":{"total":3,"covered":3,"skipped":0,"pct":100},"functions":{"total":3,"covered":3,"skipped":0,"pct":100},"statements":{"total":3,"covered":3,"skipped":0,"pct":100},"branches":{"total":4,"covered":3,"skipped":0,"pct":75}}
,"/home/runner/work/clickhouse-js/clickhouse-js/src/schema/stream.ts": {"lines":{"total":5,"covered":5,"skipped":0,"pct":100},"functions":{"total":4,"covered":4,"skipped":0,"pct":100},"statements":{"total":5,"covered":5,"skipped":0,"pct":100},"branches":{"total":0,"covered":0,"skipped":0,"pct":100}}
,"/home/runner/work/clickhouse-js/clickhouse-js/src/schema/table.ts": {"lines":{"total":20,"covered":19,"skipped":0,"pct":95},"functions":{"total":6,"covered":6,"skipped":0,"pct":100},"statements":{"total":20,"covered":19,"skipped":0,"pct":95},"branches":{"total":11,"covered":8,"skipped":0,"pct":72.72}}
,"/home/runner/work/clickhouse-js/clickhouse-js/src/schema/types.ts": {"lines":{"total":84,"covered":70,"skipped":0,"pct":83.33},"functions":{"total":40,"covered":38,"skipped":0,"pct":95},"statements":{"total":92,"covered":78,"skipped":0,"pct":84.78},"branches":{"total":20,"covered":2,"skipped":0,"pct":10}}
,"/home/runner/work/clickhouse-js/clickhouse-js/src/schema/where.ts": {"lines":{"total":16,"covered":15,"skipped":0,"pct":93.75},"functions":{"total":7,"covered":7,"skipped":0,"pct":100},"statements":{"total":16,"covered":15,"skipped":0,"pct":93.75},"branches":{"total":5,"covered":4,"skipped":0,"pct":80}}
,"/home/runner/work/clickhouse-js/clickhouse-js/src/utils/index.ts": {"lines":{"total":2,"covered":2,"skipped":0,"pct":100},"functions":{"total":0,"covered":0,"skipped":0,"pct":100},"statements":{"total":2,"covered":2,"skipped":0,"pct":100},"branches":{"total":0,"covered":0,"skipped":0,"pct":100}}
,"/home/runner/work/clickhouse-js/clickhouse-js/src/utils/process.ts": {"lines":{"total":2,"covered":2,"skipped":0,"pct":100},"functions":{"total":1,"covered":1,"skipped":0,"pct":100},"statements":{"total":2,"covered":2,"skipped":0,"pct":100},"branches":{"total":0,"covered":0,"skipped":0,"pct":100}}
,"/home/runner/work/clickhouse-js/clickhouse-js/src/utils/stream.ts": {"lines":{"total":13,"covered":13,"skipped":0,"pct":100},"functions":{"total":4,"covered":4,"skipped":0,"pct":100},"statements":{"total":13,"covered":13,"skipped":0,"pct":100},"branches":{"total":2,"covered":2,"skipped":0,"pct":100}}
,"/home/runner/work/clickhouse-js/clickhouse-js/src/utils/string.ts": {"lines":{"total":2,"covered":2,"skipped":0,"pct":100},"functions":{"total":1,"covered":1,"skipped":0,"pct":100},"statements":{"total":2,"covered":2,"skipped":0,"pct":100},"branches":{"total":0,"covered":0,"skipped":0,"pct":100}}
,"/home/runner/work/clickhouse-js/clickhouse-js/src/utils/user_agent.ts": {"lines":{"total":6,"covered":6,"skipped":0,"pct":100},"functions":{"total":1,"covered":1,"skipped":0,"pct":100},"statements":{"total":6,"covered":6,"skipped":0,"pct":100},"branches":{"total":2,"covered":2,"skipped":0,"pct":100}}
}
