TN:
SF:src/client.ts
FN:58,validateConfig
FN:67,createUrl
FN:75,normalizeConfig
FN:108,(anonymous_4)
FN:119,(anonymous_5)
FN:130,(anonymous_6)
FN:140,(anonymous_7)
FN:148,(anonymous_8)
FN:161,(anonymous_9)
FN:165,(anonymous_10)
FN:170,formatQuery
FN:176,removeSemi
FN:184,validateInsertValues
FN:218,encodeValues
FN:230,(anonymous_15)
FN:235,(anonymous_16)
FN:238,createClient
FN:244,pipelineCb
FNF:18
FNH:18
FNDA:188,validateConfig
FNDA:189,createUrl
FNDA:189,normalizeConfig
FNDA:189,(anonymous_4)
FNDA:409,(anonymous_5)
FNDA:180,(anonymous_6)
FNDA:105,(anonymous_7)
FNDA:124,(anonymous_8)
FNDA:4,(anonymous_9)
FNDA:187,(anonymous_10)
FNDA:180,formatQuery
FNDA:285,removeSemi
FNDA:160,validateInsertValues
FNDA:124,encodeValues
FNDA:59,(anonymous_15)
FNDA:1094,(anonymous_16)
FNDA:189,createClient
FNDA:34,pipelineCb
DA:1,28
DA:2,28
DA:3,28
DA:4,28
DA:5,28
DA:10,28
DA:59,188
DA:60,0
DA:68,189
DA:69,189
DA:71,1
DA:79,189
DA:103,28
DA:104,189
DA:105,189
DA:106,189
DA:109,189
DA:112,189
DA:113,188
DA:115,188
DA:116,188
DA:120,409
DA:131,180
DA:132,180
DA:133,180
DA:137,164
DA:141,105
DA:142,105
DA:149,124
DA:151,124
DA:152,124
DA:154,124
DA:162,4
DA:166,187
DA:171,180
DA:172,180
DA:173,180
DA:177,285
DA:178,285
DA:179,16
DA:181,269
DA:184,28
DA:188,160
DA:189,0
DA:194,160
DA:195,103
DA:196,53
DA:197,10
DA:201,50
DA:202,8
DA:222,124
DA:224,67
DA:225,33
DA:228,34
DA:230,59
DA:235,1094
DA:238,28
DA:241,189
DA:245,34
DA:246,3
LF:60
LH:58
BRDA:59,0,0,0
BRDA:59,1,0,188
BRDA:59,1,1,0
BRDA:80,2,0,4
BRDA:80,2,1,185
BRDA:80,3,0,189
BRDA:80,3,1,189
BRDA:81,4,0,0
BRDA:81,4,1,188
BRDA:81,5,0,188
BRDA:81,5,1,188
BRDA:82,6,0,1
BRDA:82,6,1,187
BRDA:82,7,0,188
BRDA:82,7,1,188
BRDA:83,8,0,2
BRDA:83,8,1,186
BRDA:83,9,0,188
BRDA:83,9,1,188
BRDA:86,10,0,2
BRDA:86,10,1,186
BRDA:86,11,0,188
BRDA:86,11,1,188
BRDA:86,12,0,185
BRDA:86,12,1,3
BRDA:86,13,0,188
BRDA:86,13,1,188
BRDA:87,14,0,1
BRDA:87,14,1,187
BRDA:87,15,0,188
BRDA:87,15,1,188
BRDA:87,16,0,185
BRDA:87,16,1,3
BRDA:87,17,0,188
BRDA:87,17,1,188
BRDA:89,18,0,2
BRDA:89,18,1,186
BRDA:89,19,0,188
BRDA:89,19,1,188
BRDA:90,20,0,2
BRDA:90,20,1,186
BRDA:90,21,0,188
BRDA:90,21,1,188
BRDA:91,22,0,0
BRDA:91,22,1,188
BRDA:91,23,0,188
BRDA:91,23,1,188
BRDA:92,24,0,186
BRDA:92,24,1,2
BRDA:92,25,0,188
BRDA:92,25,1,188
BRDA:93,26,0,186
BRDA:93,26,1,2
BRDA:93,27,0,188
BRDA:93,27,1,188
BRDA:96,28,0,186
BRDA:96,28,1,2
BRDA:96,29,0,188
BRDA:96,29,1,188
BRDA:96,30,0,2
BRDA:96,30,1,186
BRDA:96,31,0,188
BRDA:96,31,1,188
BRDA:108,32,0,0
BRDA:110,33,0,189
BRDA:110,33,1,4
BRDA:110,34,0,3
BRDA:110,34,1,186
BRDA:110,35,0,189
BRDA:110,35,1,189
BRDA:131,36,0,167
BRDA:131,36,1,13
BRDA:131,37,0,180
BRDA:131,37,1,180
BRDA:149,38,0,124
BRDA:149,38,1,8
BRDA:178,39,0,16
BRDA:188,40,0,0
BRDA:188,41,0,160
BRDA:188,41,1,103
BRDA:194,42,0,103
BRDA:195,43,0,53
BRDA:195,43,1,50
BRDA:196,44,0,10
BRDA:201,45,0,8
BRDA:222,46,0,67
BRDA:224,47,0,33
BRDA:245,48,0,3
BRF:88
BRH:82
end_of_record
TN:
SF:src/index.ts
FN:3,(anonymous_0)
FN:17,(anonymous_1)
FN:17,(anonymous_2)
FN:25,(anonymous_3)
FNF:4
FNH:4
FNDA:187,(anonymous_0)
FNDA:1,(anonymous_1)
FNDA:5,(anonymous_2)
FNDA:2,(anonymous_3)
DA:1,27
DA:3,214
DA:4,27
DA:17,32
DA:25,29
LF:5
LH:5
BRF:0
BRH:0
end_of_record
TN:
SF:src/logger.ts
FN:2,(anonymous_0)
FN:4,(anonymous_1)
FN:9,(anonymous_2)
FN:14,(anonymous_3)
FN:19,(anonymous_4)
FNF:5
FNH:1
FNDA:2,(anonymous_0)
FNDA:0,(anonymous_1)
FNDA:0,(anonymous_2)
FNDA:0,(anonymous_3)
FNDA:0,(anonymous_4)
DA:1,28
DA:5,0
DA:6,0
DA:10,0
DA:11,0
DA:15,0
DA:16,0
DA:20,0
DA:21,0
LF:9
LH:1
BRDA:2,0,0,0
BRDA:5,1,0,0
BRDA:10,2,0,0
BRDA:15,3,0,0
BRDA:20,4,0,0
BRF:5
BRH:0
end_of_record
TN:
SF:src/rows.ts
FN:8,(anonymous_1)
FN:20,(anonymous_2)
FN:34,(anonymous_3)
FN:49,(anonymous_4)
FN:62,(anonymous_5)
FN:63,pipelineCb
FN:71,(anonymous_7)
FN:77,(anonymous_8)
FN:85,(anonymous_9)
FN:95,(anonymous_10)
FNF:10
FNH:10
FNDA:169,(anonymous_1)
FNDA:135,(anonymous_2)
FNDA:84,(anonymous_3)
FNDA:44,(anonymous_4)
FNDA:13321,(anonymous_5)
FNDA:38,pipelineCb
FNDA:1,(anonymous_7)
FNDA:13322,(anonymous_8)
FNDA:11717,(anonymous_9)
FNDA:1704,(anonymous_10)
DA:1,28
DA:2,28
DA:4,28
DA:5,28
DA:7,28
DA:21,135
DA:22,6
DA:24,129
DA:35,84
DA:36,6
DA:38,78
DA:53,44
DA:54,4
DA:57,40
DA:59,39
DA:62,13321
DA:64,38
DA:65,2
DA:72,1
DA:76,28
DA:86,11717
DA:96,1704
DA:100,28
LF:23
LH:23
BRDA:21,0,0,6
BRDA:35,1,0,6
BRDA:53,2,0,4
BRDA:64,3,0,2
BRF:4
BRH:4
end_of_record
TN:
SF:src/settings.ts
FN:1438,(anonymous_0)
FN:1440,(anonymous_1)
FN:1442,(anonymous_2)
FN:1446,(anonymous_3)
FNF:4
FNH:4
FNDA:2,(anonymous_0)
FNDA:2,(anonymous_1)
FNDA:3,(anonymous_2)
FNDA:2,(anonymous_3)
DA:1437,31
DA:1441,2
DA:1442,3
DA:1447,2
LF:4
LH:4
BRF:0
BRH:0
end_of_record
TN:
SF:src/connection/connection.ts
FN:42,createConnection
FNF:1
FNH:1
FNDA:191,createConnection
DA:3,29
DA:42,29
DA:47,191
DA:49,189
DA:51,1
DA:53,1
LF:6
LH:6
BRDA:47,0,0,189
BRDA:47,0,1,1
BRDA:47,0,2,1
BRF:3
BRH:3
end_of_record
TN:
SF:src/connection/index.ts
FNF:0
FNH:0
DA:1,29
LF:1
LH:1
BRF:0
BRH:0
end_of_record
TN:
SF:src/connection/adapter/base_http_adapter.ts
FN:28,isSuccessfulResponse
FN:32,isEventTarget
FN:36,withHttpSettings
FN:50,buildDefaultHeaders
FN:61,decompressResponse
FN:73,pipelineCb
FN:89,isDecompressionError
FN:95,(anonymous_8)
FN:108,(anonymous_9)
FN:109,(anonymous_10)
FN:114,onError
FN:119,(anonymous_12)
FN:137,onTimeout
FN:139,(anonymous_14)
FN:149,onAbortSignal
FN:154,onAbort
FN:158,(anonymous_17)
FN:167,onClose
FN:175,removeRequestListeners
FN:213,(anonymous_20)
FN:228,(anonymous_21)
FN:238,(anonymous_22)
FN:258,(anonymous_23)
FN:273,(anonymous_24)
FN:290,(anonymous_25)
FN:296,(anonymous_26)
FN:310,(anonymous_27)
FNF:27
FNH:26
FNDA:409,isSuccessfulResponse
FNDA:12,isEventTarget
FNDA:186,withHttpSettings
FNDA:197,buildDefaultHeaders
FNDA:410,decompressResponse
FNDA:173,pipelineCb
FNDA:410,isDecompressionError
FNDA:197,(anonymous_8)
FNDA:420,(anonymous_9)
FNDA:420,(anonymous_10)
FNDA:9,onError
FNDA:410,(anonymous_12)
FNDA:1,onTimeout
FNDA:1,(anonymous_14)
FNDA:7,onAbortSignal
FNDA:2,onAbort
FNDA:0,(anonymous_17)
FNDA:366,onClose
FNDA:379,removeRequestListeners
FNDA:409,(anonymous_20)
FNDA:4,(anonymous_21)
FNDA:186,(anonymous_22)
FNDA:105,(anonymous_23)
FNDA:125,(anonymous_24)
FNDA:187,(anonymous_25)
FNDA:410,(anonymous_26)
FNDA:420,(anonymous_27)
DA:1,29
DA:3,29
DA:4,29
DA:14,29
DA:15,29
DA:16,29
DA:29,409
DA:33,12
DA:40,186
DA:54,197
DA:66,410
DA:68,410
DA:69,173
DA:74,173
DA:75,4
DA:80,237
DA:81,1
DA:86,236
DA:90,410
DA:93,29
DA:94,197
DA:100,197
DA:109,420
DA:110,420
DA:112,420
DA:115,9
DA:116,9
DA:119,420
DA:122,410
DA:124,410
DA:126,410
DA:127,1
DA:130,409
DA:131,384
DA:133,25
DA:138,1
DA:139,1
DA:145,1
DA:146,1
DA:151,7
DA:157,2
DA:158,2
DA:164,2
DA:172,366
DA:176,379
DA:177,379
DA:178,379
DA:179,379
DA:180,379
DA:181,379
DA:182,12
DA:183,12
DA:186,0
DA:191,420
DA:196,7
DA:201,420
DA:202,420
DA:203,420
DA:204,420
DA:205,420
DA:207,420
DA:209,416
DA:213,416
DA:214,409
DA:215,6
DA:216,6
DA:220,416
DA:221,2
DA:223,414
DA:230,4
DA:234,3
DA:235,3
DA:239,186
DA:243,186
DA:249,186
DA:259,105
DA:265,105
DA:274,125
DA:281,125
DA:291,187
DA:292,187
DA:301,410
DA:303,410
DA:311,420
LF:84
LH:83
BRDA:29,0,0,409
BRDA:29,0,1,409
BRDA:29,0,2,409
BRDA:41,1,0,182
BRDA:41,1,1,4
BRDA:68,2,0,173
BRDA:68,2,1,237
BRDA:74,3,0,4
BRDA:80,4,0,1
BRDA:126,5,0,1
BRDA:130,6,0,384
BRDA:130,6,1,25
BRDA:181,7,0,12
BRDA:182,8,0,12
BRDA:182,8,1,0
BRDA:191,9,0,7
BRDA:207,10,0,4
BRDA:209,11,0,67
BRDA:209,11,1,349
BRDA:214,12,0,6
BRDA:220,13,0,2
BRDA:220,13,1,414
BRDA:291,14,0,187
BRDA:291,15,0,187
BRDA:291,15,1,187
BRDA:305,16,0,407
BRDA:305,16,1,3
BRDA:313,17,0,183
BRDA:313,17,1,237
BRDA:314,18,0,2
BRDA:314,18,1,418
BRF:31
BRH:30
end_of_record
TN:
SF:src/connection/adapter/http_adapter.ts
FN:9,(anonymous_1)
FN:18,(anonymous_2)
FNF:2
FNH:2
FNDA:196,(anonymous_1)
FNDA:420,(anonymous_2)
DA:1,29
DA:6,29
DA:8,29
DA:10,196
DA:15,196
DA:22,420
LF:6
LH:6
BRF:0
BRH:0
end_of_record
TN:
SF:src/connection/adapter/http_search_params.ts
FN:13,toSearchParams
FNF:1
FNH:1
FNDA:422,toSearchParams
DA:1,30
DA:13,30
DA:19,422
DA:25,1
DA:28,421
DA:30,421
DA:31,20
DA:32,31
DA:36,421
DA:37,417
DA:38,316
DA:39,307
DA:44,421
DA:45,417
DA:48,421
DA:49,127
DA:52,421
LF:17
LH:17
BRDA:19,0,0,1
BRDA:20,1,0,422
BRDA:20,1,1,5
BRDA:20,1,2,4
BRDA:20,1,3,2
BRDA:30,2,0,20
BRDA:36,3,0,417
BRDA:38,4,0,307
BRDA:44,5,0,417
BRDA:48,6,0,127
BRF:10
BRH:10
end_of_record
TN:
SF:src/connection/adapter/https_adapter.ts
FN:9,(anonymous_1)
FN:18,(anonymous_2)
FNF:2
FNH:1
FNDA:1,(anonymous_1)
FNDA:0,(anonymous_2)
DA:2,29
DA:5,29
DA:8,29
DA:10,1
DA:15,1
DA:22,0
LF:6
LH:5
BRF:0
BRH:0
end_of_record
TN:
SF:src/connection/adapter/index.ts
FN:1,(anonymous_0)
FN:2,(anonymous_1)
FNF:2
FNH:2
FNDA:197,(anonymous_0)
FNDA:2,(anonymous_1)
DA:1,226
DA:2,31
LF:2
LH:2
BRF:0
BRH:0
end_of_record
TN:
SF:src/connection/adapter/transform_url.ts
FN:1,transformUrl
FNF:1
FNH:1
FNDA:424,transformUrl
DA:1,30
DA:10,424
DA:12,424
DA:13,423
DA:16,424
DA:17,418
DA:20,424
LF:7
LH:7
BRDA:12,0,0,423
BRDA:16,1,0,418
BRDA:17,2,0,0
BRDA:17,2,1,418
BRDA:17,3,0,418
BRDA:17,3,1,418
BRF:6
BRH:5
end_of_record
TN:
SF:src/data_formatter/format_query_params.ts
FN:3,withPadding
FN:8,formatMillis
FN:22,formatQueryParams
FN:39,(anonymous_3)
FNF:4
FNH:4
FNDA:35,withPadding
FNDA:7,formatMillis
FNDA:79,formatQueryParams
FNDA:14,(anonymous_3)
DA:1,31
DA:4,35
DA:5,17
DA:9,7
DA:10,7
DA:11,3
DA:13,4
DA:14,2
DA:16,2
DA:17,1
DA:19,1
DA:22,31
DA:26,79
DA:27,78
DA:28,77
DA:29,75
DA:31,74
DA:32,56
DA:33,49
DA:34,28
DA:35,28
DA:38,21
DA:39,14
DA:40,8
DA:43,13
DA:45,7
DA:48,7
DA:52,7
DA:53,7
DA:56,6
DA:57,4
DA:58,4
DA:59,6
DA:63,4
DA:66,2
LF:35
LH:35
BRDA:4,0,0,18
BRDA:10,1,0,3
BRDA:13,2,0,2
BRDA:16,3,0,1
BRDA:24,4,0,53
BRDA:26,5,0,1
BRDA:27,6,0,1
BRDA:28,7,0,2
BRDA:29,8,0,1
BRDA:31,9,0,18
BRDA:32,10,0,7
BRDA:32,11,0,5
BRDA:32,11,1,2
BRDA:33,12,0,28
BRDA:35,13,0,14
BRDA:35,13,1,14
BRDA:38,14,0,8
BRDA:43,15,0,7
BRDA:56,16,0,4
BRF:19
BRH:19
end_of_record
TN:
SF:src/data_formatter/format_query_settings.ts
FN:3,formatQuerySettings
FNF:1
FNH:1
FNDA:314,formatQuerySettings
DA:1,31
DA:3,31
DA:6,314
DA:7,312
DA:8,36
DA:12,4
DA:13,2
DA:15,2
LF:8
LH:8
BRDA:6,0,0,2
BRDA:6,1,0,1
BRDA:6,1,1,1
BRDA:7,2,0,276
BRDA:8,3,0,32
BRDA:12,4,0,2
BRF:6
BRH:6
end_of_record
TN:
SF:src/data_formatter/formatter.ts
FN:38,isStreamableJSONFamily
FN:45,isSupportedRawFormat
FN:49,validateStreamFormat
FN:67,decode
FN:75,(anonymous_4)
FN:89,encodeJSON
FNF:6
FNH:6
FNDA:70,isStreamableJSONFamily
FNDA:103,isSupportedRawFormat
FNDA:40,validateStreamFormat
FNDA:21931,decode
FNDA:20149,(anonymous_4)
FNDA:1153,encodeJSON
DA:1,31
DA:11,31
DA:12,31
DA:32,31
DA:42,70
DA:45,31
DA:46,103
DA:49,31
DA:52,40
DA:53,1
DA:59,39
DA:67,31
DA:68,21931
DA:69,21861
DA:71,70
DA:72,70
DA:75,20149
DA:77,0
DA:78,0
DA:80,0
DA:89,31
DA:90,1153
DA:91,1153
DA:93,0
LF:24
LH:20
BRDA:52,0,0,1
BRDA:68,1,0,21861
BRDA:71,2,0,70
BRDA:77,3,0,0
BRDA:90,4,0,1153
BRF:5
BRH:4
end_of_record
TN:
SF:src/data_formatter/index.ts
FN:2,(anonymous_4)
FN:3,(anonymous_5)
FNF:2
FNH:2
FNDA:53,(anonymous_4)
FNDA:314,(anonymous_5)
DA:1,31
DA:2,84
DA:3,345
LF:3
LH:3
BRF:0
BRH:0
end_of_record
TN:
SF:src/error/index.ts
FNF:0
FNH:0
DA:1,30
LF:1
LH:1
BRF:0
BRH:0
end_of_record
TN:
SF:src/error/parse_error.ts
FN:12,(anonymous_0)
FN:23,parseError
FNF:2
FNH:2
FNDA:31,(anonymous_0)
FNDA:31,parseError
DA:2,30
DA:9,30
DA:10,31
DA:11,31
DA:13,31
DA:14,31
DA:15,31
DA:19,31
DA:23,30
DA:24,31
DA:25,31
DA:26,31
DA:27,31
DA:29,0
LF:14
LH:13
BRDA:25,0,0,0
BRDA:25,0,1,31
BRDA:25,1,0,31
BRDA:25,1,1,31
BRDA:26,2,0,31
BRDA:26,2,1,0
BRF:6
BRH:4
end_of_record
TN:
SF:src/schema/engines.ts
FN:16,(anonymous_0)
FN:17,(anonymous_1)
FN:28,(anonymous_2)
FN:33,(anonymous_3)
FN:40,(anonymous_4)
FN:41,(anonymous_5)
FN:48,(anonymous_6)
FN:49,(anonymous_7)
FN:55,(anonymous_8)
FN:56,(anonymous_9)
FN:62,(anonymous_10)
FN:63,(anonymous_11)
FN:69,(anonymous_12)
FN:73,(anonymous_13)
FN:79,(anonymous_14)
FN:80,(anonymous_15)
FNF:16
FNH:2
FNDA:18,(anonymous_0)
FNDA:18,(anonymous_1)
FNDA:0,(anonymous_2)
FNDA:0,(anonymous_3)
FNDA:0,(anonymous_4)
FNDA:0,(anonymous_5)
FNDA:0,(anonymous_6)
FNDA:0,(anonymous_7)
FNDA:0,(anonymous_8)
FNDA:0,(anonymous_9)
FNDA:0,(anonymous_10)
FNDA:0,(anonymous_11)
FNDA:0,(anonymous_12)
FNDA:0,(anonymous_13)
FNDA:0,(anonymous_14)
FNDA:0,(anonymous_15)
DA:16,26
DA:17,18
DA:28,26
DA:32,0
DA:34,0
DA:35,0
DA:40,26
DA:42,0
DA:43,0
DA:48,26
DA:50,0
DA:55,26
DA:57,0
DA:62,26
DA:64,0
DA:69,26
DA:72,0
DA:74,0
DA:79,26
DA:81,0
LF:20
LH:9
BRDA:34,0,0,0
BRDA:34,0,1,0
BRDA:42,1,0,0
BRDA:42,1,1,0
BRDA:50,2,0,0
BRDA:50,2,1,0
BRF:6
BRH:0
end_of_record
TN:
SF:src/schema/index.ts
FNF:0
FNH:0
DA:1,26
DA:2,26
DA:3,26
DA:4,26
DA:5,26
DA:6,26
DA:7,26
LF:7
LH:7
BRF:0
BRH:0
end_of_record
TN:
SF:src/schema/query_formatter.ts
FN:8,(anonymous_0)
FN:36,(anonymous_1)
FN:49,(anonymous_2)
FN:60,(anonymous_3)
FN:67,getTableName
FNF:5
FNH:5
FNDA:18,(anonymous_0)
FNDA:2,(anonymous_1)
FNDA:22,(anonymous_2)
FNDA:8,(anonymous_3)
FNDA:55,getTableName
DA:6,26
DA:20,18
DA:21,18
DA:22,18
DA:23,18
DA:24,18
DA:25,18
DA:26,18
DA:29,18
DA:33,18
DA:37,2
DA:38,2
DA:42,18
DA:55,22
DA:56,22
DA:57,22
DA:58,22
DA:60,8
DA:63,22
DA:67,26
DA:71,55
LF:21
LH:21
BRDA:20,0,0,1
BRDA:20,0,1,17
BRDA:22,1,0,1
BRDA:22,1,1,17
BRDA:25,2,0,18
BRDA:25,2,1,0
BRDA:26,3,0,1
BRDA:26,3,1,17
BRDA:29,4,0,1
BRDA:29,4,1,17
BRDA:33,5,0,1
BRDA:33,5,1,17
BRDA:33,6,0,18
BRDA:33,6,1,1
BRDA:37,7,0,1
BRDA:37,7,1,1
BRDA:56,8,0,5
BRDA:56,8,1,17
BRDA:57,9,0,2
BRDA:57,9,1,20
BRDA:58,10,0,6
BRDA:58,10,1,16
BRDA:71,11,0,0
BRDA:71,11,1,55
BRF:24
BRH:22
end_of_record
TN:
SF:src/schema/schema.ts
FN:4,(anonymous_0)
FN:6,(anonymous_1)
FN:8,(anonymous_2)
FNF:3
FNH:3
FNDA:19,(anonymous_0)
FNDA:18,(anonymous_1)
FNDA:62,(anonymous_2)
DA:3,26
DA:7,18
DA:8,62
LF:3
LH:3
BRDA:9,0,0,0
BRDA:9,0,1,18
BRDA:9,1,0,18
BRDA:9,1,1,18
BRF:4
BRH:3
end_of_record
TN:
SF:src/schema/stream.ts
FN:9,(anonymous_1)
FN:12,(anonymous_2)
FN:17,(anonymous_3)
FN:20,(anonymous_4)
FNF:4
FNH:4
FNDA:1,(anonymous_1)
FNDA:1,(anonymous_2)
FNDA:2,(anonymous_3)
FNDA:1,(anonymous_4)
DA:1,26
DA:8,26
DA:10,1
DA:18,2
DA:21,1
LF:5
LH:5
BRF:0
BRH:0
end_of_record
TN:
SF:src/schema/table.ts
FN:50,(anonymous_0)
FN:56,(anonymous_1)
FN:64,(anonymous_2)
FN:78,(anonymous_3)
FN:94,asyncGenerator
FN:103,(anonymous_5)
FNF:6
FNH:6
FNDA:17,(anonymous_0)
FNDA:16,(anonymous_1)
FNDA:15,(anonymous_2)
FNDA:24,(anonymous_3)
FNDA:24,asyncGenerator
FNDA:21,(anonymous_5)
DA:4,26
DA:49,26
DA:57,16
DA:58,16
DA:69,15
DA:85,24
DA:86,24
DA:93,23
DA:95,24
DA:96,37
DA:97,35
DA:101,23
DA:104,21
DA:105,21
DA:106,32
DA:107,0
DA:109,32
DA:112,20
LF:18
LH:17
BRDA:78,0,0,14
BRDA:106,1,0,0
BRDA:106,1,1,32
BRF:3
BRH:2
end_of_record
TN:
SF:src/schema/types.ts
FN:50,(anonymous_0)
FN:60,(anonymous_1)
FN:70,(anonymous_2)
FN:90,(anonymous_3)
FN:104,(anonymous_4)
FN:118,(anonymous_5)
FN:129,(anonymous_6)
FN:139,(anonymous_7)
FN:149,(anonymous_8)
FN:170,(anonymous_9)
FN:184,(anonymous_10)
FN:198,(anonymous_11)
FN:209,(anonymous_12)
FN:219,(anonymous_13)
FN:228,(anonymous_14)
FN:237,(anonymous_15)
FN:270,(anonymous_16)
FN:281,(anonymous_17)
FN:290,(anonymous_18)
FN:293,(anonymous_19)
FN:304,(anonymous_20)
FN:320,Enum
FN:323,(anonymous_22)
FN:325,(anonymous_23)
FN:343,(anonymous_24)
FN:346,(anonymous_25)
FN:355,(anonymous_26)
FN:358,(anonymous_27)
FN:382,(anonymous_28)
FN:385,(anonymous_29)
FN:404,(anonymous_30)
FN:407,(anonymous_31)
FN:418,(anonymous_32)
FN:429,(anonymous_33)
FN:438,(anonymous_34)
FN:441,(anonymous_35)
FN:451,(anonymous_36)
FN:454,(anonymous_37)
FN:466,(anonymous_38)
FN:477,(anonymous_39)
FNF:40
FNH:38
FNDA:8,(anonymous_0)
FNDA:1,(anonymous_1)
FNDA:2,(anonymous_2)
FNDA:1,(anonymous_3)
FNDA:1,(anonymous_4)
FNDA:1,(anonymous_5)
FNDA:1,(anonymous_6)
FNDA:1,(anonymous_7)
FNDA:7,(anonymous_8)
FNDA:1,(anonymous_9)
FNDA:1,(anonymous_10)
FNDA:1,(anonymous_11)
FNDA:1,(anonymous_12)
FNDA:1,(anonymous_13)
FNDA:0,(anonymous_14)
FNDA:0,(anonymous_15)
FNDA:5,(anonymous_16)
FNDA:14,(anonymous_17)
FNDA:1,(anonymous_18)
FNDA:1,(anonymous_19)
FNDA:5,(anonymous_20)
FNDA:1,Enum
FNDA:2,(anonymous_22)
FNDA:8,(anonymous_23)
FNDA:1,(anonymous_24)
FNDA:1,(anonymous_25)
FNDA:8,(anonymous_26)
FNDA:12,(anonymous_27)
FNDA:3,(anonymous_28)
FNDA:3,(anonymous_29)
FNDA:3,(anonymous_30)
FNDA:3,(anonymous_31)
FNDA:3,(anonymous_32)
FNDA:1,(anonymous_33)
FNDA:1,(anonymous_34)
FNDA:1,(anonymous_35)
FNDA:3,(anonymous_36)
FNDA:3,(anonymous_37)
FNDA:1,(anonymous_38)
FNDA:1,(anonymous_39)
DA:48,26
DA:51,8
DA:58,26
DA:61,1
DA:68,26
DA:71,2
DA:88,26
DA:91,1
DA:102,26
DA:105,1
DA:116,26
DA:119,1
DA:127,26
DA:130,1
DA:137,26
DA:140,1
DA:147,26
DA:150,7
DA:168,26
DA:171,1
DA:182,26
DA:185,1
DA:196,26
DA:199,1
DA:207,26
DA:210,1
DA:217,26
DA:220,1
DA:228,26
DA:235,0
DA:238,0
DA:239,0
DA:243,0
DA:244,0
DA:246,0
DA:247,0
DA:249,0
DA:250,0
DA:252,0
DA:253,0
DA:255,0
DA:256,0
DA:258,0
DA:268,26
DA:271,5
DA:279,26
DA:282,14
DA:290,26
DA:291,1
DA:294,1
DA:302,26
DA:305,5
DA:320,26
DA:321,1
DA:324,2
DA:325,8
DA:343,26
DA:344,1
DA:347,1
DA:355,26
DA:356,8
DA:359,12
DA:382,26
DA:383,3
DA:386,3
DA:404,26
DA:405,3
DA:408,3
DA:416,26
DA:419,3
DA:427,26
DA:430,1
DA:438,26
DA:439,1
DA:442,1
DA:443,1
DA:451,26
DA:452,3
DA:455,3
DA:456,3
DA:464,26
DA:467,1
DA:475,26
DA:478,1
LF:84
LH:70
BRDA:238,0,0,0
BRDA:243,1,0,0
BRDA:243,2,0,0
BRDA:243,2,1,0
BRDA:246,3,0,0
BRDA:246,4,0,0
BRDA:246,4,1,0
BRDA:249,5,0,0
BRDA:249,6,0,0
BRDA:249,6,1,0
BRDA:252,7,0,0
BRDA:252,8,0,0
BRDA:252,8,1,0
BRDA:255,9,0,0
BRDA:255,10,0,0
BRDA:255,10,1,0
BRDA:442,11,0,0
BRDA:442,11,1,1
BRDA:455,12,0,0
BRDA:455,12,1,3
BRF:20
BRH:2
end_of_record
TN:
SF:src/schema/where.ts
FN:9,Eq
FN:14,(anonymous_1)
FN:20,And
FN:24,(anonymous_3)
FN:30,Or
FN:34,(anonymous_5)
FN:41,formatValue
FNF:7
FNH:7
FNDA:8,Eq
FNDA:8,(anonymous_1)
FNDA:2,And
FNDA:2,(anonymous_3)
FNDA:1,Or
FNDA:1,(anonymous_5)
FNDA:8,formatValue
DA:9,26
DA:13,8
DA:15,8
DA:20,26
DA:23,2
DA:25,2
DA:30,26
DA:33,1
DA:35,1
DA:42,8
DA:43,0
DA:45,8
DA:46,5
DA:48,3
DA:49,1
DA:51,2
LF:16
LH:15
BRDA:42,0,0,0
BRDA:42,1,0,8
BRDA:42,1,1,8
BRDA:45,2,0,5
BRDA:48,3,0,1
BRF:5
BRH:4
end_of_record
TN:
SF:src/utils/index.ts
FNF:0
FNH:0
DA:1,31
DA:2,31
LF:2
LH:2
BRF:0
BRH:0
end_of_record
TN:
SF:src/utils/stream.ts
FN:3,isStream
FN:7,getAsText
FN:20,mapStream
FN:23,(anonymous_4)
FNF:4
FNH:4
FNDA:803,isStream
FNDA:161,getAsText
FNDA:34,mapStream
FNDA:59,(anonymous_4)
DA:1,31
DA:3,31
DA:4,803
DA:7,31
DA:8,161
DA:9,161
DA:11,161
DA:12,241
DA:16,161
DA:17,161
DA:20,31
DA:21,34
DA:24,59
LF:13
LH:13
BRDA:4,0,0,803
BRDA:4,0,1,803
BRF:2
BRH:2
end_of_record
TN:
SF:src/utils/string.ts
FN:2,replaceAll
FNF:1
FNH:1
FNDA:56,replaceAll
DA:2,31
DA:7,56
LF:2
LH:2
BRF:0
BRH:0
end_of_record
